build/outputs/logs/manifest-merger-debug-report.txt
-- Merging decision tree log ---
manifest
ADDED from MainActivity\AndroidManifest.xml:2:1-105:12
	xmlns:android
		ADDED from MainActivity\AndroidManifest.xml:2:11-69
	package
		ADDED from MainActivity\AndroidManifest.xml:3:5-23
	android:versionName
		ADDED from MainActivity\AndroidManifest.xml:5:5-30
		INJECTED from MainActivity\AndroidManifest.xml
		INJECTED from MainActivity\AndroidManifest.xml
	android:versionCode
		ADDED from MainActivity\AndroidManifest.xml:4:5-28
		INJECTED from MainActivity\AndroidManifest.xml
		INJECTED from MainActivity\AndroidManifest.xml
uses-sdk
ADDED from MainActivity\AndroidManifest.xml:7:5-9:41
MERGED from [com.android.support:appcompat-v7:22.1.1] AndroidManifest.xml:20:5-43
MERGED from [com.android.support:support-v4:22.1.1] AndroidManifest.xml:20:5-43
	android:targetSdkVersion
		ADDED from MainActivity\AndroidManifest.xml:9:9-38
	android:minSdkVersion
		ADDED from MainActivity\AndroidManifest.xml:8:9-35
uses-permission#android.permission.READ_CALENDAR
ADDED from MainActivity\AndroidManifest.xml:11:5-72
	android:name
		ADDED from MainActivity\AndroidManifest.xml:11:22-69
uses-permission#android.permission.SYSTEM_ALERT_WINDOW
ADDED from MainActivity\AndroidManifest.xml:12:5-78
	android:name
		ADDED from MainActivity\AndroidManifest.xml:12:22-75
uses-permission#android.permission.VIBRATE
ADDED from MainActivity\AndroidManifest.xml:13:5-66
	android:name
		ADDED from MainActivity\AndroidManifest.xml:13:22-63
uses-permission#android.permission.ACCESS_NETWORK_STATE
ADDED from MainActivity\AndroidManifest.xml:14:5-79
	android:name
		ADDED from MainActivity\AndroidManifest.xml:14:22-76
uses-permission#android.permission.INTERNET
ADDED from MainActivity\AndroidManifest.xml:15:5-67
	android:name
		ADDED from MainActivity\AndroidManifest.xml:15:22-64
uses-permission#android.permission.ACCESS_WIFI_STATE
ADDED from MainActivity\AndroidManifest.xml:16:5-76
	android:name
		ADDED from MainActivity\AndroidManifest.xml:16:22-73
uses-permission#android.permission.READ_PHONE_STATE
ADDED from MainActivity\AndroidManifest.xml:17:5-75
	android:name
		ADDED from MainActivity\AndroidManifest.xml:17:22-72
uses-permission#android.permission.WRITE_EXTERNAL_STORAGE
ADDED from MainActivity\AndroidManifest.xml:18:5-81
	android:name
		ADDED from MainActivity\AndroidManifest.xml:18:22-78
application
ADDED from MainActivity\AndroidManifest.xml:20:5-103:19
MERGED from [com.android.support:appcompat-v7:22.1.1] AndroidManifest.xml:22:5-20
MERGED from [com.android.support:support-v4:22.1.1] AndroidManifest.xml:22:5-20
	android:label
		ADDED from MainActivity\AndroidManifest.xml:23:9-41
	android:allowBackup
		ADDED from MainActivity\AndroidManifest.xml:21:9-35
	android:icon
		ADDED from MainActivity\AndroidManifest.xml:22:9-45
	android:theme
		ADDED from MainActivity\AndroidManifest.xml:24:9-43
activity#meet.you.SetUp
ADDED from MainActivity\AndroidManifest.xml:25:10-29:20
	android:label
		ADDED from MainActivity\AndroidManifest.xml:27:13-45
	android:name
		ADDED from MainActivity\AndroidManifest.xml:26:13-42
activity#meet.you.MainActivity
ADDED from MainActivity\AndroidManifest.xml:30:9-37:20
	android:label
		ADDED from MainActivity\AndroidManifest.xml:32:13-45
	android:name
		ADDED from MainActivity\AndroidManifest.xml:31:13-49
intent-filter#android.intent.action.MAIN+android.intent.category.LAUNCHER
ADDED from MainActivity\AndroidManifest.xml:33:13-36:29
action#android.intent.action.MAIN
ADDED from MainActivity\AndroidManifest.xml:34:17-69
	android:name
		ADDED from MainActivity\AndroidManifest.xml:34:25-66
category#android.intent.category.LAUNCHER
ADDED from MainActivity\AndroidManifest.xml:35:17-77
	android:name
		ADDED from MainActivity\AndroidManifest.xml:35:27-74
activity#meet.you.EditLocationActivity
ADDED from MainActivity\AndroidManifest.xml:38:9-43:20
	android:name
		ADDED from MainActivity\AndroidManifest.xml:38:19-63
intent-filter#android.intent.action.ADDROOM+android.intent.action.EDITROOM
ADDED from MainActivity\AndroidManifest.xml:39:25-42:29
action#android.intent.action.ADDROOM
ADDED from MainActivity\AndroidManifest.xml:40:17-72
	android:name
		ADDED from MainActivity\AndroidManifest.xml:40:25-69
action#android.intent.action.EDITROOM
ADDED from MainActivity\AndroidManifest.xml:41:17-73
	android:name
		ADDED from MainActivity\AndroidManifest.xml:41:25-70
activity#meet.you.wxapi.WXEntryActivity
ADDED from MainActivity\AndroidManifest.xml:44:9-59:20
	android:windowSoftInputMode
		ADDED from MainActivity\AndroidManifest.xml:48:13-55
	android:exported
		ADDED from MainActivity\AndroidManifest.xml:46:13-36
	android:name
		ADDED from MainActivity\AndroidManifest.xml:45:13-50
	android:launchMode
		ADDED from MainActivity\AndroidManifest.xml:47:13-44
intent-filter#android.intent.action.EDIT+android.intent.action.VIEW+android.intent.category.DEFAULT
ADDED from MainActivity\AndroidManifest.xml:49:13-58:29
action#android.intent.action.VIEW
ADDED from MainActivity\AndroidManifest.xml:50:17-69
	android:name
		ADDED from MainActivity\AndroidManifest.xml:50:25-66
action#android.intent.action.EDIT
ADDED from MainActivity\AndroidManifest.xml:51:17-69
	android:name
		ADDED from MainActivity\AndroidManifest.xml:51:25-66
category#android.intent.category.DEFAULT
ADDED from MainActivity\AndroidManifest.xml:53:17-76
	android:name
		ADDED from MainActivity\AndroidManifest.xml:53:27-73
data
ADDED from MainActivity\AndroidManifest.xml:55:17-47
	android:scheme
		ADDED from MainActivity\AndroidManifest.xml:55:23-44
activity#com.tencent.tauth.AuthActivity
ADDED from MainActivity\AndroidManifest.xml:62:9-74:20
	android:noHistory
		ADDED from MainActivity\AndroidManifest.xml:65:13-37
	android:name
		ADDED from MainActivity\AndroidManifest.xml:63:13-58
	android:launchMode
		ADDED from MainActivity\AndroidManifest.xml:64:13-44
intent-filter#android.intent.action.VIEW+android.intent.category.BROWSABLE+android.intent.category.DEFAULT
ADDED from MainActivity\AndroidManifest.xml:66:13-73:29
category#android.intent.category.BROWSABLE
ADDED from MainActivity\AndroidManifest.xml:70:17-78
	android:name
		ADDED from MainActivity\AndroidManifest.xml:70:27-75
receiver#meet.you.MeetRemindReceiver
ADDED from MainActivity\AndroidManifest.xml:76:9-77:20
	android:name
		ADDED from MainActivity\AndroidManifest.xml:76:19-61
provider#meet.you.data.CalendarProvider
ADDED from MainActivity\AndroidManifest.xml:84:9-86:79
	android:authorities
		ADDED from MainActivity\AndroidManifest.xml:86:13-76
	android:name
		ADDED from MainActivity\AndroidManifest.xml:85:13-58
provider#meet.you.data.MeetProvider
ADDED from MainActivity\AndroidManifest.xml:87:9-89:64
	android:authorities
		ADDED from MainActivity\AndroidManifest.xml:89:13-61
	android:name
		ADDED from MainActivity\AndroidManifest.xml:88:13-54
service#meet.you.FxService
ADDED from MainActivity\AndroidManifest.xml:91:9-96:19
	android:name
		ADDED from MainActivity\AndroidManifest.xml:91:18-43
service#meet.you.DetailService
ADDED from MainActivity\AndroidManifest.xml:98:17-102:19
	android:name
		ADDED from MainActivity\AndroidManifest.xml:98:26-55
intent-filter#android.intent.action.DetailService
ADDED from MainActivity\AndroidManifest.xml:99:13-101:29
action#android.intent.action.DetailService
ADDED from MainActivity\AndroidManifest.xml:100:13-74
	android:name
		ADDED from MainActivity\AndroidManifest.xml:100:21-71